[main] INFO  presentation.Project_Demo - Starting the application!
[main] INFO  presentation.Project_Demo - Invoking getOneAccount
[main] INFO  presentation.Project_Demo - Invoking getOneAccount in dao layer
[main] INFO  presentation.Project_Demo - Invoking getOneAccount in dao layer
[main] INFO  presentation.Project_Demo - Invoking getOneAccount
[main] INFO  presentation.Project_Demo - Invoking getOneAccount in dao layer
[main] INFO  presentation.Project_Demo - Invoking getOneAccount in dao layer
[main] INFO  presentation.Project_Demo - Invoking getOneAccount
[main] INFO  presentation.Project_Demo - Invoking getOneAccount in dao layer
[main] INFO  presentation.Project_Demo - Invoking getOneAccount in dao layer
[main] INFO  presentation.Project_Demo - Invoking getOneAccount
[main] INFO  presentation.Project_Demo - Invoking getOneAccount
[main] INFO  presentation.Project_Demo - Invoking updateAccount
[main] INFO  presentation.Project_Demo - Invoking updateAccount
[main] INFO  presentation.Project_Demo - Invoking getOneAccount
[main] INFO  presentation.Project_Demo - Invoking getOneAccount in dao layer
[main] INFO  presentation.Project_Demo - Invoking getOneAccount in dao layer
[main] INFO  presentation.Project_Demo - Invoking getOneAccount
[main] INFO  presentation.Project_Demo - Invoking getOneAccount
[main] INFO  presentation.Project_Demo - Invoking updateAccount
[main] INFO  presentation.Project_Demo - Invoking updateAccount
[main] INFO  presentation.Project_Demo - Invoking getOneAccount
[main] INFO  presentation.Project_Demo - Invoking getOneAccount in dao layer
[main] INFO  presentation.Project_Demo - Invoking getOneAccount in dao layer
[main] INFO  presentation.Project_Demo - Invoking getAllAccount
[main] INFO  presentation.Project_Demo - Invoking getAllAccount
[main] INFO  presentation.Project_Demo - Invoking getOneAccount
[main] INFO  presentation.Project_Demo - Invoking getOneAccount
[main] INFO  presentation.Project_Demo - Invoking updateAccount
[main] INFO  presentation.Project_Demo - Invoking updateAccount
[main] INFO  presentation.Project_Demo - Invoking getOneAccount
[main] INFO  presentation.Project_Demo - Invoking getOneAccount in dao layer
[main] INFO  presentation.Project_Demo - Invoking getOneAccount in dao layer
[main] INFO  presentation.Project_Demo - Invoking getAllAccount
[main] INFO  presentation.Project_Demo - Invoking getAllAccount
[main] INFO  presentation.Project_Demo - Invoking getOneAccount
[main] INFO  presentation.Project_Demo - Invoking getOneAccount
[main] INFO  presentation.Project_Demo - Invoking updateAccount
[main] INFO  presentation.Project_Demo - Invoking updateAccount
[main] INFO  presentation.Project_Demo - Invoking getAllAccount
[main] INFO  presentation.Project_Demo - Invoking getAllAccount
[main] INFO  presentation.Project_Demo - Invoking getTransactions
[main] INFO  presentation.Project_Demo - Invoking getTransactions
[main] INFO  presentation.Project_Demo - Invoking getOneAccount
[main] INFO  presentation.Project_Demo - Invoking getOneAccount
[main] INFO  presentation.Project_Demo - Invoking updateAccount
[main] INFO  presentation.Project_Demo - Invoking updateAccount
[main] INFO  presentation.Project_Demo - Invoking getAllAccount
[main] INFO  presentation.Project_Demo - Invoking getAllAccount
[main] INFO  presentation.Project_Demo - Invoking createAccount
[main] INFO  presentation.Project_Demo - Invoking createAccount
[main] INFO  presentation.Project_Demo - Invoking getTransactions
[main] INFO  presentation.Project_Demo - Invoking getTransactions
[main] INFO  presentation.Project_Demo - Invoking getOneAccount
[main] INFO  presentation.Project_Demo - Invoking getOneAccount
[main] INFO  presentation.Project_Demo - Invoking updateAccount
[main] INFO  presentation.Project_Demo - Invoking updateAccount
[main] INFO  presentation.Project_Demo - Invoking getAllAccount
[main] INFO  presentation.Project_Demo - Invoking getAllAccount
[main] INFO  presentation.Project_Demo - Invoking createAccount
[main] INFO  presentation.Project_Demo - Invoking createAccount
[main] INFO  presentation.Project_Demo - Invoking getTransactions
[main] INFO  presentation.Project_Demo - Invoking getTransactions
[main] INFO  presentation.Project_Demo - Invoking getOneAccount
[main] INFO  presentation.Project_Demo - Invoking getOneAccount
[main] INFO  presentation.Project_Demo - Invoking updateAccount
[main] INFO  presentation.Project_Demo - Invoking updateAccount
[main] INFO  presentation.Project_Demo - Invoking getAllAccount
[main] INFO  presentation.Project_Demo - Invoking getAllAccount
[main] INFO  presentation.Project_Demo - Invoking createAccount
[main] INFO  presentation.Project_Demo - Invoking createAccount
[main] INFO  presentation.Project_Demo - Invoking getTransactions
[main] INFO  presentation.Project_Demo - Invoking getTransactions
[main] INFO  presentation.Project_Demo - Invoking getOneAccount
[main] INFO  presentation.Project_Demo - Invoking getOneAccount
[main] INFO  presentation.Project_Demo - Invoking updateAccount
[main] INFO  presentation.Project_Demo - Invoking updateAccount
